<?xml version="1.0" encoding="UTF-8"?>

<mule xmlns:dw="http://www.mulesoft.org/schema/mule/ee/dw"
	xmlns:wd-hr="http://www.mulesoft.org/schema/mule/wd-hr" xmlns="http://www.mulesoft.org/schema/mule/core"
	xmlns:doc="http://www.mulesoft.org/schema/mule/documentation"
	xmlns:spring="http://www.springframework.org/schema/beans" version="EE-3.7.1"
	xmlns:xsi="http://www.w3.org/2001/XMLSchema-instance"
	xsi:schemaLocation="http://www.springframework.org/schema/beans http://www.springframework.org/schema/beans/spring-beans-current.xsd
http://www.mulesoft.org/schema/mule/core http://www.mulesoft.org/schema/mule/core/current/mule.xsd
http://www.mulesoft.org/schema/mule/wd-hr http://www.mulesoft.org/schema/mule/wd-hr/current/mule-wd-hr.xsd
http://www.mulesoft.org/schema/mule/ee/dw http://www.mulesoft.org/schema/mule/ee/dw/current/dw.xsd">
    <sub-flow name="getOrganization" doc:name="getOrganization">
        <dw:transform-message doc:name="Create GetOrganization Request">
                <dw:set-payload><![CDATA[%dw 1.0
%output application/java
---
{
	organizationReference: {
		integrationIDReference: {
			ID: {
				systemID: p('wday.ext.systemID'),
				value: p('sap.testorg.id')
			}
		}
	}
} as :object {
	class : "com.workday.hr.OrganizationGetType"
}]]></dw:set-payload>
            </dw:transform-message>
        <wd-hr:get-organization config-ref="Workday_Human_Resource" doc:name="Workday Human Resource"/>
    </sub-flow>

</mule>
