<?xml version="1.0" encoding="UTF-8"?>

<mule xmlns:wd-hr="http://www.mulesoft.org/schema/mule/wd-hr" xmlns="http://www.mulesoft.org/schema/mule/core" xmlns:doc="http://www.mulesoft.org/schema/mule/documentation" xmlns:spring="http://www.springframework.org/schema/beans" version="EE-3.5.0" xmlns:xsi="http://www.w3.org/2001/XMLSchema-instance" xsi:schemaLocation="http://www.springframework.org/schema/beans http://www.springframework.org/schema/beans/spring-beans-current.xsd
http://www.mulesoft.org/schema/mule/core http://www.mulesoft.org/schema/mule/core/current/mule.xsd
http://www.mulesoft.org/schema/mule/wd-hr http://www.mulesoft.org/schema/mule/wd-hr/current/mule-wd-hr.xsd">
    <sub-flow name="getOrganization" doc:name="getOrganization">
        <wd-hr:get-organization config-ref="Workday_Human_Resource" doc:name="Workday Human Resource"/>
    </sub-flow>
    <sub-flow name="dissolveOrganization" doc:name="dissolveOrganization">
        <wd-hr:inactivate-organization config-ref="Workday_Human_Resource" doc:name="Workday Human Resource"/>
    </sub-flow>
</mule>
